#
# There is insufficient memory for the Java Runtime Environment to continue.
# Native memory allocation (mmap) failed to map 268435456 bytes for G1 virtual space
# Possible reasons:
#   The system is out of physical RAM or swap space
#   The process is running with CompressedOops enabled, and the Java Heap may be blocking the growth of the native heap
# Possible solutions:
#   Reduce memory load on the system
#   Increase physical memory or swap space
#   Check if swap backing store is full
#   Decrease Java heap size (-Xmx/-Xms)
#   Decrease number of Java threads
#   Decrease Java thread stack sizes (-Xss)
#   Set larger code cache with -XX:ReservedCodeCacheSize=
#   JVM is running with Zero Based Compressed Oops mode in which the Java heap is
#     placed in the first 32GB address space. The Java Heap base address is the
#     maximum limit for the native heap growth. Please use -XX:HeapBaseMinAddress
#     to set the Java Heap base and to place the Java Heap above 32GB virtual address.
# This output file may be truncated or incomplete.
#
#  Out of Memory Error (os_windows.cpp:3469), pid=11976, tid=14464
#
# JRE version:  (17.0.1+12) (build )
# Java VM: OpenJDK 64-Bit Server VM (17.0.1+12, mixed mode, sharing, tiered, compressed oops, compressed class ptrs, g1 gc, windows-amd64)
# No core dump will be written. Minidumps are not enabled by default on client versions of Windows
#

---------------  S U M M A R Y ------------

Command Line: -ea -Dfile.encoding=Cp1252 -XX:+ShowCodeDetailsInExceptionMessages org.testng.remote.RemoteTestNG -serport 56534 -protocol json -d C:\Users\bhumika.dureja\eclipse-workspace\testng-appium\test-output C:\Users\bhumika.dureja\eclipse-workspace\testng-appium\testng.xml

Host: Intel(R) Core(TM) i7-8850H CPU @ 2.60GHz, 12 cores, 15G,  Windows 10 , 64 bit Build 19041 (10.0.19041.1706)
Time: Sun Jul 24 13:48:45 2022 AUS Eastern Standard Time elapsed time: 0.020481 seconds (0d 0h 0m 0s)

---------------  T H R E A D  ---------------

Current thread (0x000002463f8b3f90):  JavaThread "Unknown thread" [_thread_in_vm, id=14464, stack(0x000000a5c7000000,0x000000a5c7100000)]

Stack: [0x000000a5c7000000,0x000000a5c7100000]
Native frames: (J=compiled Java code, j=interpreted, Vv=VM code, C=native code)
V  [jvm.dll+0x6744da]
V  [jvm.dll+0x82e144]
V  [jvm.dll+0x82f8ee]
V  [jvm.dll+0x82ff53]
V  [jvm.dll+0x245175]
V  [jvm.dll+0x6714c9]
V  [jvm.dll+0x665f92]
V  [jvm.dll+0x303c3b]
V  [jvm.dll+0x30b176]
V  [jvm.dll+0x35af1e]
V  [jvm.dll+0x35b14f]
V  [jvm.dll+0x2dab78]
V  [jvm.dll+0x2dbae4]
V  [jvm.dll+0x7ffdf1]
V  [jvm.dll+0x368c91]
V  [jvm.dll+0x7df2cc]
V  [jvm.dll+0x3eb59f]
V  [jvm.dll+0x3ed121]
C  [jli.dll+0x5277]
C  [ucrtbase.dll+0x21bb2]
C  [KERNEL32.DLL+0x17034]
C  [ntdll.dll+0x52651]


---------------  P R O C E S S  ---------------

Threads class SMR info:
_java_thread_list=0x00007ffdb0a34e58, length=0, elements={
}

Java Threads: ( => current thread )

Other Threads:
  0x000002463f906380 GCTaskThread "GC Thread#0" [stack: 0x000000a5c7100000,0x000000a5c7200000] [id=14468]
  0x000002463f917110 ConcurrentGCThread "G1 Main Marker" [stack: 0x000000a5c7200000,0x000000a5c7300000] [id=14480]
  0x000002463f9182c0 ConcurrentGCThread "G1 Conc#0" [stack: 0x000000a5c7300000,0x000000a5c7400000] [id=14484]

[error occurred during error reporting (printing all threads), id 0xc0000005, EXCEPTION_ACCESS_VIOLATION (0xc0000005) at pc=0x00007ffdb020b5f7]

VM state: not at safepoint (not fully initialized)

VM Mutex/Monitor currently owned by a thread:  ([mutex/lock_event])
[0x000002463f8b0080] Heap_lock - owner thread: 0x000002463f8b3f90

Heap address: 0x0000000701a00000, size: 4070 MB, Compressed Oops mode: Zero based, Oop shift amount: 3

CDS archive(s) mapped at: [0x0000000000000000-0x0000000000000000-0x0000000000000000), size 0, SharedBaseAddress: 0x0000000800000000, ArchiveRelocationMode: 0.
Narrow klass base: 0x0000000000000000, Narrow klass shift: 0, Narrow klass range: 0x0

GC Precious Log:
<Empty>

Heap:
 garbage-first heap   total 0K, used 0K [0x0000000701a00000, 0x0000000800000000)
  region size 2048K, 0 young (0K), 0 survivors (0K)

[error occurred during error reporting (printing heap information), id 0xc0000005, EXCEPTION_ACCESS_VIOLATION (0xc0000005) at pc=0x00007ffdb05ed729]

GC Heap History (0 events):
No events

Deoptimization events (0 events):
No events

Classes unloaded (0 events):
No events

Classes redefined (0 events):
No events

Internal exceptions (0 events):
No events

VM Operations (0 events):
No events

Events (1 events):
Event: 0.009 Loaded shared library C:\Users\bhumika.dureja\.p2\pool\plugins\org.eclipse.justj.openjdk.hotspot.jre.full.win32.x86_64_17.0.1.v20211116-1657\jre\bin\java.dll


Dynamic libraries:
0x00007ff6cbc70000 - 0x00007ff6cbc7e000 	C:\Users\bhumika.dureja\.p2\pool\plugins\org.eclipse.justj.openjdk.hotspot.jre.full.win32.x86_64_17.0.1.v20211116-1657\jre\bin\javaw.exe
0x00007ffe0a050000 - 0x00007ffe0a245000 	C:\Windows\SYSTEM32\ntdll.dll
0x00007ffe09db0000 - 0x00007ffe09e6d000 	C:\Windows\System32\KERNEL32.DLL
0x00007ffe09ae0000 - 0x00007ffe09dad000 	C:\Windows\System32\KERNELBASE.dll
0x00007ffe07ac0000 - 0x00007ffe07bc0000 	C:\Windows\System32\ucrtbase.dll
0x00007ffe01310000 - 0x00007ffe01328000 	C:\Users\bhumika.dureja\.p2\pool\plugins\org.eclipse.justj.openjdk.hotspot.jre.full.win32.x86_64_17.0.1.v20211116-1657\jre\bin\jli.dll
0x00007ffe012f0000 - 0x00007ffe01309000 	C:\Users\bhumika.dureja\.p2\pool\plugins\org.eclipse.justj.openjdk.hotspot.jre.full.win32.x86_64_17.0.1.v20211116-1657\jre\bin\VCRUNTIME140.dll
0x00007ffe09e70000 - 0x00007ffe0a010000 	C:\Windows\System32\USER32.dll
0x00007ffe06c40000 - 0x00007ffe06eda000 	C:\Windows\WinSxS\amd64_microsoft.windows.common-controls_6595b64144ccf1df_6.0.19041.1110_none_60b5254171f9507e\COMCTL32.dll
0x00007ffe07930000 - 0x00007ffe07952000 	C:\Windows\System32\win32u.dll
0x00007ffe07d90000 - 0x00007ffe07e2e000 	C:\Windows\System32\msvcrt.dll
0x00007ffe08580000 - 0x00007ffe085aa000 	C:\Windows\System32\GDI32.dll
0x00007ffe07960000 - 0x00007ffe07a6b000 	C:\Windows\System32\gdi32full.dll
0x00007ffe07860000 - 0x00007ffe078fd000 	C:\Windows\System32\msvcp_win.dll
0x00007ffe08f20000 - 0x00007ffe08f50000 	C:\Windows\System32\IMM32.DLL
0x00007ffe02650000 - 0x00007ffe0265c000 	C:\Users\bhumika.dureja\.p2\pool\plugins\org.eclipse.justj.openjdk.hotspot.jre.full.win32.x86_64_17.0.1.v20211116-1657\jre\bin\vcruntime140_1.dll
0x00007ffdf9e30000 - 0x00007ffdf9ec1000 	C:\Users\bhumika.dureja\.p2\pool\plugins\org.eclipse.justj.openjdk.hotspot.jre.full.win32.x86_64_17.0.1.v20211116-1657\jre\bin\msvcp140.dll
0x00007ffdaff20000 - 0x00007ffdb0b66000 	C:\Users\bhumika.dureja\.p2\pool\plugins\org.eclipse.justj.openjdk.hotspot.jre.full.win32.x86_64_17.0.1.v20211116-1657\jre\bin\server\jvm.dll
0x00007ffe07e30000 - 0x00007ffe07ede000 	C:\Windows\System32\ADVAPI32.dll
0x00007ffe09410000 - 0x00007ffe094ac000 	C:\Windows\System32\sechost.dll
0x00007ffe099b0000 - 0x00007ffe09ad5000 	C:\Windows\System32\RPCRT4.dll
0x00007ffe07ee0000 - 0x00007ffe07ee8000 	C:\Windows\System32\PSAPI.DLL
0x00007ffdfc850000 - 0x00007ffdfc877000 	C:\Windows\SYSTEM32\WINMM.dll
0x00007ffe00fc0000 - 0x00007ffe00fc9000 	C:\Windows\SYSTEM32\WSOCK32.dll
0x00007ffe04330000 - 0x00007ffe0433a000 	C:\Windows\SYSTEM32\VERSION.dll
0x00007ffe08510000 - 0x00007ffe0857b000 	C:\Windows\System32\WS2_32.dll
0x00007ffe04790000 - 0x00007ffe047a2000 	C:\Windows\SYSTEM32\kernel.appcore.dll
0x00007ffe00fb0000 - 0x00007ffe00fba000 	C:\Users\bhumika.dureja\.p2\pool\plugins\org.eclipse.justj.openjdk.hotspot.jre.full.win32.x86_64_17.0.1.v20211116-1657\jre\bin\jimage.dll
0x00007ffe070d0000 - 0x00007ffe072b4000 	C:\Windows\SYSTEM32\DBGHELP.DLL
0x00007ffe070a0000 - 0x00007ffe070cc000 	C:\Windows\SYSTEM32\dbgcore.DLL
0x00007ffe07720000 - 0x00007ffe077a2000 	C:\Windows\System32\bcryptPrimitives.dll
0x00007ffde9550000 - 0x00007ffde9575000 	C:\Users\bhumika.dureja\.p2\pool\plugins\org.eclipse.justj.openjdk.hotspot.jre.full.win32.x86_64_17.0.1.v20211116-1657\jre\bin\java.dll

dbghelp: loaded successfully - version: 4.0.5 - missing functions: none
symbol engine: initialized successfully - sym options: 0x614 - pdb path: .;C:\Users\bhumika.dureja\.p2\pool\plugins\org.eclipse.justj.openjdk.hotspot.jre.full.win32.x86_64_17.0.1.v20211116-1657\jre\bin;C:\Windows\SYSTEM32;C:\Windows\WinSxS\amd64_microsoft.windows.common-controls_6595b64144ccf1df_6.0.19041.1110_none_60b5254171f9507e;C:\Users\bhumika.dureja\.p2\pool\plugins\org.eclipse.justj.openjdk.hotspot.jre.full.win32.x86_64_17.0.1.v20211116-1657\jre\bin\server

VM Arguments:
jvm_args: -ea -Dfile.encoding=Cp1252 -XX:+ShowCodeDetailsInExceptionMessages 
java_command: org.testng.remote.RemoteTestNG -serport 56534 -protocol json -d C:\Users\bhumika.dureja\eclipse-workspace\testng-appium\test-output C:\Users\bhumika.dureja\eclipse-workspace\testng-appium\testng.xml
java_class_path (initial): C:\Users\bhumika.dureja\eclipse\java-2021-12\eclipse\configuration\org.eclipse.osgi\432\0\.cp\lib\testng-remote.jar;C:\Users\bhumika.dureja\eclipse-workspace\testng-appium\target\test-classes;C:\Users\bhumika.dureja\eclipse-workspace\testng-appium\target\classes;C:\Users\bhumika.dureja\.m2\repository\org\testng\testng\7.0.0\testng-7.0.0.jar;C:\Users\bhumika.dureja\.m2\repository\com\beust\jcommander\1.72\jcommander-1.72.jar;C:\Users\bhumika.dureja\.m2\repository\io\appium\java-client\7.4.1\java-client-7.4.1.jar;C:\Users\bhumika.dureja\.m2\repository\org\seleniumhq\selenium\selenium-support\3.141.59\selenium-support-3.141.59.jar;C:\Users\bhumika.dureja\.m2\repository\org\seleniumhq\selenium\selenium-api\3.141.59\selenium-api-3.141.59.jar;C:\Users\bhumika.dureja\.m2\repository\com\google\code\gson\gson\2.8.6\gson-2.8.6.jar;C:\Users\bhumika.dureja\.m2\repository\org\apache\httpcomponents\httpclient\4.5.13\httpclient-4.5.13.jar;C:\Users\bhumika.dureja\.m2\repository\org\apache\httpcomponents\httpcore\4.4.13\httpcore-4.4.13.jar;C:\Users\bhumika.dureja\.m2\repository\commons-logging\commons-logging\1.2\commons-logging-1.2.jar;C:\Users\bhumika.dureja\.m2\repository\commons-codec\commons-codec\1.11\commons-codec-1.11.jar;C:\Users\bhumika.dureja\.m2\repository\cglib\cglib\3.3.0\cglib-3.3.0.jar;C:\Users\bhumika.dureja\.m2\repository\org\ow2\asm\asm\7.1\asm-7.1.jar;C:\Users\bhumika.dureja\.m2\repository\commons-validator\commons-validator\1.7\commons-validator-1.7.jar;C:\Users\bhumika.dureja\.m2\repository\commons-beanutils\commons-beanutils\1.9.4\commons-beanutils-1.9.4.jar;C:\Users\bhumika.dureja\.m2\repository\commons-digester\commons-digester\2.1\commons-digester-2.1.jar;C:\Users\bhumika.dureja\.m2\repository\commons-collections\commons-collections\3.2.2\commons-collections-3.2.2.jar;C:\Users\bhumika.dureja\.m2\repository\org\apache\commons\commons-lang3\3.11\commons-lang3-3.11.jar;C:\Users\bhumika.dureja\.m2\repository\commons-io\commons-io\2.
Launcher Type: SUN_STANDARD

[Global flags]
     intx CICompilerCount                          = 4                                         {product} {ergonomic}
     uint ConcGCThreads                            = 3                                         {product} {ergonomic}
     uint G1ConcRefinementThreads                  = 10                                        {product} {ergonomic}
   size_t G1HeapRegionSize                         = 2097152                                   {product} {ergonomic}
    uintx GCDrainStackTargetSize                   = 64                                        {product} {ergonomic}
   size_t InitialHeapSize                          = 268435456                                 {product} {ergonomic}
   size_t MarkStackSize                            = 4194304                                   {product} {ergonomic}
   size_t MaxHeapSize                              = 4267704320                                {product} {ergonomic}
   size_t MinHeapDeltaBytes                        = 2097152                                   {product} {ergonomic}
   size_t MinHeapSize                              = 8388608                                   {product} {ergonomic}
    uintx NonNMethodCodeHeapSize                   = 5839372                                {pd product} {ergonomic}
    uintx NonProfiledCodeHeapSize                  = 122909434                              {pd product} {ergonomic}
    uintx ProfiledCodeHeapSize                     = 122909434                              {pd product} {ergonomic}
    uintx ReservedCodeCacheSize                    = 251658240                              {pd product} {ergonomic}
     bool SegmentedCodeCache                       = true                                      {product} {ergonomic}
     bool ShowCodeDetailsInExceptionMessages       = true                                   {manageable} {command line}
   size_t SoftMaxHeapSize                          = 4267704320                             {manageable} {ergonomic}
     bool UseCompressedClassPointers               = true                           {product lp64_product} {ergonomic}
     bool UseCompressedOops                        = true                           {product lp64_product} {ergonomic}
     bool UseG1GC                                  = true                                      {product} {ergonomic}
     bool UseLargePagesIndividualAllocation        = false                                  {pd product} {ergonomic}

Logging:
Log output configuration:
 #0: stdout all=warning uptime,level,tags
 #1: stderr all=off uptime,level,tags

Environment Variables:
JAVA_HOME=C:\Program Files\Java\jdk1.8.0_321
PATH=C:/Users/bhumika.dureja/.p2/pool/plugins/org.eclipse.justj.openjdk.hotspot.jre.full.win32.x86_64_17.0.1.v20211116-1657/jre/bin/server;C:/Users/bhumika.dureja/.p2/pool/plugins/org.eclipse.justj.openjdk.hotspot.jre.full.win32.x86_64_17.0.1.v20211116-1657/jre/bin;C:\Program Files\Java\jdk1.8.0_202\bin;C:\Program Files\Java\jre1.8.0_321\bin;C:\Program Files\Common Files\Oracle\Java\javapath;C:\Windows\system32;C:\Windows;C:\Windows\System32\Wbem;C:\Windows\System32\WindowsPowerShell\v1.0\;C:\Windows\System32\OpenSSH\;C:\Program Files\Git\cmd;C:\Program Files\MySQL\MySQL Server 8.0\bin;C:\apache-maven-3.8.4\bin;C:\apache-ant-1.10.12\bin;C:\Program Files\nodejs\;C:\Users\bhumika.dureja\AppData\Local\Android\Sdk\tools;C:\Users\bhumika.dureja\AppData\Local\Android\Sdk\tools\bin;C:\Users\bhumika.dureja\AppData\Local\Android\Sdk\platform-tools;C:\Users\bhumika.dureja\AppData\Local\Microsoft\WindowsApps;C:\Users\bhumika.dureja\AppData\Roaming\npm;C:\Windows\system32;
USERNAME=bhumika.dureja
OS=Windows_NT
PROCESSOR_IDENTIFIER=Intel64 Family 6 Model 158 Stepping 10, GenuineIntel



---------------  S Y S T E M  ---------------

OS:
 Windows 10 , 64 bit Build 19041 (10.0.19041.1706)
OS uptime: 0 days 16:29 hours

CPU: total 12 (initial active 12) (6 cores per cpu, 2 threads per core) family 6 model 158 stepping 10 microcode 0xf0, cx8, cmov, fxsr, ht, mmx, 3dnowpref, sse, sse2, sse3, ssse3, sse4.1, sse4.2, popcnt, lzcnt, tsc, tscinvbit, avx, avx2, aes, erms, clmul, bmi1, bmi2, rtm, adx, fma, vzeroupper, clflush, clflushopt

Memory: 4k page, system-wide physical 16278M (461M free)
TotalPageFile size 28313M (AvailPageFile size 38M)
current process WorkingSet (physical memory assigned to process): 10M, peak: 10M
current process commit charge ("private bytes"): 64M, peak: 320M

vm_info: OpenJDK 64-Bit Server VM (17.0.1+12) for windows-amd64 JRE (17.0.1+12), built on Oct 20 2021 07:42:55 by "" with MS VC++ 16.7 (VS2019)

END.
